location

   187.3170    -41.6667

labels

   1.00   26.6572     .0013     .0013
  48.00   26.6828     .0011     .0011
  97.00   26.7110     .0008     .0008
 145.00   26.7232     .0006     .0006
 194.00   26.7415     .0006     .0006
 291.00   26.8255     .0005     .0005
 388.00   26.9187     .0005     .0005
 485.00   26.9898     .0005     .0005
 581.00   27.0391     .0005     .0005
 678.00   27.0892     .0005     .0005
 775.00   27.1666     .0005     .0005
 872.00   27.2604     .0005     .0005
 969.00   27.3436     .0005     .0005
1066.00   27.4216     .0005     .0005
1260.00   27.5573     .0005     .0005
1454.00   27.6982     .0005     .0005
1647.00   27.7984     .0005     .0005
1841.00   27.8663     .0005     .0005
2020.00   27.9202     .0005     .0005
2216.00   27.9593     .0005     .0005
2413.00   27.9979     .0005     .0005
2611.00   28.0317     .0005     .0005
2878.00   28.0799     .0005     .0005
3000.00   28.1174     .0005     .0005

surfaces

  26.80   34.9064   10.9066    260.0963    .0
  27.90   34.6308    2.3002   1953.1710    .0
  28.10   34.7248    1.4606   2943.4950    .0

